The target system is: Generic -  - arm
The host system is: Windows - 10.0.19042 - AMD64
Checking whether the ASM compiler is GNU using "--version" matched "(GNU assembler)|(GCC)|(Free Software Foundation)":
arm-none-eabi-gcc.exe (GNU Arm Embedded Toolchain 9-2020-q2-update) 9.3.1 20200408 (release)
Copyright (C) 2019 Free Software Foundation, Inc.
This is free software; see the source for copying conditions.  There is NO
warranty; not even for MERCHANTABILITY or FITNESS FOR A PARTICULAR PURPOSE.

Compiling the C compiler identification source file "CMakeCCompilerId.c" succeeded.
Compiler: C:/PROGRA~2/GNU Arm Embedded Toolchain/9 2020-q2-update/bin/arm-none-eabi-gcc.exe 
Build flags: 
Id flags: -c 

The output was:
0


Compilation of the C compiler identification source "CMakeCCompilerId.c" produced "CMakeCCompilerId.o"

The C compiler identification is GNU, found in "D:/DanieL/Teensy/Teensy_3.6/NXP_SDK_v2.9.0/SDK_2.9.0_MK66FX1M0xxx18/boards/frdmk66f/demo_apps/hello_world/armgcc/CMakeFiles/3.20.1/CompilerIdC/CMakeCCompilerId.o"

Compiling the CXX compiler identification source file "CMakeCXXCompilerId.cpp" succeeded.
Compiler: C:/PROGRA~2/GNU Arm Embedded Toolchain/9 2020-q2-update/bin/arm-none-eabi-g++.exe 
Build flags: 
Id flags: -c 

The output was:
0


Compilation of the CXX compiler identification source "CMakeCXXCompilerId.cpp" produced "CMakeCXXCompilerId.o"

The CXX compiler identification is GNU, found in "D:/DanieL/Teensy/Teensy_3.6/NXP_SDK_v2.9.0/SDK_2.9.0_MK66FX1M0xxx18/boards/frdmk66f/demo_apps/hello_world/armgcc/CMakeFiles/3.20.1/CompilerIdCXX/CMakeCXXCompilerId.o"

